CRITICAL - 2025-06-05 00:43:28 --> Call to undefined function CodeIgniter\locale_set_default()
#0 C:\xampp\htdocs\rgp\system\bootstrap.php(146): CodeIgniter\CodeIgniter->initialize()
#1 C:\xampp\htdocs\rgp\index.php(28): require('C:\\xampp\\htdocs...')
#2 {main}
CRITICAL - 2025-06-05 00:43:34 --> Call to undefined function CodeIgniter\locale_set_default()
#0 C:\xampp\htdocs\rgp\system\bootstrap.php(146): CodeIgniter\CodeIgniter->initialize()
#1 C:\xampp\htdocs\rgp\index.php(28): require('C:\\xampp\\htdocs...')
#2 {main}
CRITICAL - 2025-06-05 00:43:40 --> Call to undefined function CodeIgniter\locale_set_default()
#0 C:\xampp\htdocs\rgp\system\bootstrap.php(146): CodeIgniter\CodeIgniter->initialize()
#1 C:\xampp\htdocs\rgp\index.php(28): require('C:\\xampp\\htdocs...')
#2 {main}
CRITICAL - 2025-06-05 00:43:47 --> Call to undefined function CodeIgniter\locale_set_default()
#0 C:\xampp\htdocs\rgp\system\bootstrap.php(146): CodeIgniter\CodeIgniter->initialize()
#1 C:\xampp\htdocs\rgp\index.php(28): require('C:\\xampp\\htdocs...')
#2 {main}
CRITICAL - 2025-06-05 00:43:51 --> Call to undefined function CodeIgniter\locale_set_default()
#0 C:\xampp\htdocs\rgp\system\bootstrap.php(146): CodeIgniter\CodeIgniter->initialize()
#1 C:\xampp\htdocs\rgp\index.php(28): require('C:\\xampp\\htdocs...')
#2 {main}
CRITICAL - 2025-06-05 00:45:37 --> Call to undefined function CodeIgniter\locale_set_default()
#0 C:\xampp\htdocs\rgp\system\bootstrap.php(146): CodeIgniter\CodeIgniter->initialize()
#1 C:\xampp\htdocs\rgp\index.php(28): require('C:\\xampp\\htdocs...')
#2 {main}
CRITICAL - 2025-06-05 00:46:33 --> Call to undefined function CodeIgniter\locale_set_default()
#0 C:\xampp\htdocs\rgp\system\bootstrap.php(146): CodeIgniter\CodeIgniter->initialize()
#1 C:\xampp\htdocs\rgp\index.php(28): require('C:\\xampp\\htdocs...')
#2 {main}
CRITICAL - 2025-06-05 00:46:34 --> Call to undefined function CodeIgniter\locale_set_default()
#0 C:\xampp\htdocs\rgp\system\bootstrap.php(146): CodeIgniter\CodeIgniter->initialize()
#1 C:\xampp\htdocs\rgp\index.php(28): require('C:\\xampp\\htdocs...')
#2 {main}
CRITICAL - 2025-06-05 00:46:34 --> Call to undefined function CodeIgniter\locale_set_default()
#0 C:\xampp\htdocs\rgp\system\bootstrap.php(146): CodeIgniter\CodeIgniter->initialize()
#1 C:\xampp\htdocs\rgp\index.php(28): require('C:\\xampp\\htdocs...')
#2 {main}
CRITICAL - 2025-06-05 00:46:35 --> Call to undefined function CodeIgniter\locale_set_default()
#0 C:\xampp\htdocs\rgp\system\bootstrap.php(146): CodeIgniter\CodeIgniter->initialize()
#1 C:\xampp\htdocs\rgp\index.php(28): require('C:\\xampp\\htdocs...')
#2 {main}
CRITICAL - 2025-06-05 00:46:35 --> Call to undefined function CodeIgniter\locale_set_default()
#0 C:\xampp\htdocs\rgp\system\bootstrap.php(146): CodeIgniter\CodeIgniter->initialize()
#1 C:\xampp\htdocs\rgp\index.php(28): require('C:\\xampp\\htdocs...')
#2 {main}
CRITICAL - 2025-06-05 00:46:36 --> Call to undefined function CodeIgniter\locale_set_default()
#0 C:\xampp\htdocs\rgp\system\bootstrap.php(146): CodeIgniter\CodeIgniter->initialize()
#1 C:\xampp\htdocs\rgp\index.php(28): require('C:\\xampp\\htdocs...')
#2 {main}
CRITICAL - 2025-06-05 00:46:36 --> Call to undefined function CodeIgniter\locale_set_default()
#0 C:\xampp\htdocs\rgp\system\bootstrap.php(146): CodeIgniter\CodeIgniter->initialize()
#1 C:\xampp\htdocs\rgp\index.php(28): require('C:\\xampp\\htdocs...')
#2 {main}
CRITICAL - 2025-06-05 00:46:36 --> Call to undefined function CodeIgniter\locale_set_default()
#0 C:\xampp\htdocs\rgp\system\bootstrap.php(146): CodeIgniter\CodeIgniter->initialize()
#1 C:\xampp\htdocs\rgp\index.php(28): require('C:\\xampp\\htdocs...')
#2 {main}
CRITICAL - 2025-06-05 00:52:51 --> Call to undefined function CodeIgniter\locale_set_default()
#0 C:\xampp\htdocs\rgp\system\bootstrap.php(146): CodeIgniter\CodeIgniter->initialize()
#1 C:\xampp\htdocs\rgp\index.php(28): require('C:\\xampp\\htdocs...')
#2 {main}
CRITICAL - 2025-06-05 00:55:39 --> Call to undefined function CodeIgniter\locale_set_default()
#0 C:\xampp\htdocs\rgp\system\bootstrap.php(146): CodeIgniter\CodeIgniter->initialize()
#1 C:\xampp\htdocs\rgp\index.php(28): require('C:\\xampp\\htdocs...')
#2 {main}
CRITICAL - 2025-06-05 00:55:40 --> Call to undefined function CodeIgniter\locale_set_default()
#0 C:\xampp\htdocs\rgp\system\bootstrap.php(146): CodeIgniter\CodeIgniter->initialize()
#1 C:\xampp\htdocs\rgp\index.php(28): require('C:\\xampp\\htdocs...')
#2 {main}
CRITICAL - 2025-06-05 00:55:40 --> Call to undefined function CodeIgniter\locale_set_default()
#0 C:\xampp\htdocs\rgp\system\bootstrap.php(146): CodeIgniter\CodeIgniter->initialize()
#1 C:\xampp\htdocs\rgp\index.php(28): require('C:\\xampp\\htdocs...')
#2 {main}
CRITICAL - 2025-06-05 00:55:41 --> Call to undefined function CodeIgniter\locale_set_default()
#0 C:\xampp\htdocs\rgp\system\bootstrap.php(146): CodeIgniter\CodeIgniter->initialize()
#1 C:\xampp\htdocs\rgp\index.php(28): require('C:\\xampp\\htdocs...')
#2 {main}
CRITICAL - 2025-06-05 00:55:41 --> Call to undefined function CodeIgniter\locale_set_default()
#0 C:\xampp\htdocs\rgp\system\bootstrap.php(146): CodeIgniter\CodeIgniter->initialize()
#1 C:\xampp\htdocs\rgp\index.php(28): require('C:\\xampp\\htdocs...')
#2 {main}
CRITICAL - 2025-06-05 00:55:41 --> Call to undefined function CodeIgniter\locale_set_default()
#0 C:\xampp\htdocs\rgp\system\bootstrap.php(146): CodeIgniter\CodeIgniter->initialize()
#1 C:\xampp\htdocs\rgp\index.php(28): require('C:\\xampp\\htdocs...')
#2 {main}
CRITICAL - 2025-06-05 00:55:41 --> Call to undefined function CodeIgniter\locale_set_default()
#0 C:\xampp\htdocs\rgp\system\bootstrap.php(146): CodeIgniter\CodeIgniter->initialize()
#1 C:\xampp\htdocs\rgp\index.php(28): require('C:\\xampp\\htdocs...')
#2 {main}
CRITICAL - 2025-06-05 00:55:41 --> Call to undefined function CodeIgniter\locale_set_default()
#0 C:\xampp\htdocs\rgp\system\bootstrap.php(146): CodeIgniter\CodeIgniter->initialize()
#1 C:\xampp\htdocs\rgp\index.php(28): require('C:\\xampp\\htdocs...')
#2 {main}
CRITICAL - 2025-06-05 00:55:44 --> Call to undefined function CodeIgniter\locale_set_default()
#0 C:\xampp\htdocs\rgp\system\bootstrap.php(146): CodeIgniter\CodeIgniter->initialize()
#1 C:\xampp\htdocs\rgp\index.php(28): require('C:\\xampp\\htdocs...')
#2 {main}
CRITICAL - 2025-06-05 00:55:44 --> Call to undefined function CodeIgniter\locale_set_default()
#0 C:\xampp\htdocs\rgp\system\bootstrap.php(146): CodeIgniter\CodeIgniter->initialize()
#1 C:\xampp\htdocs\rgp\index.php(28): require('C:\\xampp\\htdocs...')
#2 {main}
CRITICAL - 2025-06-05 00:55:45 --> Call to undefined function CodeIgniter\locale_set_default()
#0 C:\xampp\htdocs\rgp\system\bootstrap.php(146): CodeIgniter\CodeIgniter->initialize()
#1 C:\xampp\htdocs\rgp\index.php(28): require('C:\\xampp\\htdocs...')
#2 {main}
CRITICAL - 2025-06-05 00:55:45 --> Call to undefined function CodeIgniter\locale_set_default()
#0 C:\xampp\htdocs\rgp\system\bootstrap.php(146): CodeIgniter\CodeIgniter->initialize()
#1 C:\xampp\htdocs\rgp\index.php(28): require('C:\\xampp\\htdocs...')
#2 {main}
CRITICAL - 2025-06-05 00:55:45 --> Call to undefined function CodeIgniter\locale_set_default()
#0 C:\xampp\htdocs\rgp\system\bootstrap.php(146): CodeIgniter\CodeIgniter->initialize()
#1 C:\xampp\htdocs\rgp\index.php(28): require('C:\\xampp\\htdocs...')
#2 {main}
CRITICAL - 2025-06-05 00:55:45 --> Call to undefined function CodeIgniter\locale_set_default()
#0 C:\xampp\htdocs\rgp\system\bootstrap.php(146): CodeIgniter\CodeIgniter->initialize()
#1 C:\xampp\htdocs\rgp\index.php(28): require('C:\\xampp\\htdocs...')
#2 {main}
CRITICAL - 2025-06-05 00:55:46 --> Call to undefined function CodeIgniter\locale_set_default()
#0 C:\xampp\htdocs\rgp\system\bootstrap.php(146): CodeIgniter\CodeIgniter->initialize()
#1 C:\xampp\htdocs\rgp\index.php(28): require('C:\\xampp\\htdocs...')
#2 {main}
CRITICAL - 2025-06-05 00:55:46 --> Call to undefined function CodeIgniter\locale_set_default()
#0 C:\xampp\htdocs\rgp\system\bootstrap.php(146): CodeIgniter\CodeIgniter->initialize()
#1 C:\xampp\htdocs\rgp\index.php(28): require('C:\\xampp\\htdocs...')
#2 {main}
CRITICAL - 2025-06-05 00:55:46 --> Call to undefined function CodeIgniter\locale_set_default()
#0 C:\xampp\htdocs\rgp\system\bootstrap.php(146): CodeIgniter\CodeIgniter->initialize()
#1 C:\xampp\htdocs\rgp\index.php(28): require('C:\\xampp\\htdocs...')
#2 {main}
CRITICAL - 2025-06-05 00:55:47 --> Call to undefined function CodeIgniter\locale_set_default()
#0 C:\xampp\htdocs\rgp\system\bootstrap.php(146): CodeIgniter\CodeIgniter->initialize()
#1 C:\xampp\htdocs\rgp\index.php(28): require('C:\\xampp\\htdocs...')
#2 {main}
CRITICAL - 2025-06-05 00:59:09 --> Call to undefined function CodeIgniter\locale_set_default()
#0 C:\xampp\htdocs\rgp\system\bootstrap.php(146): CodeIgniter\CodeIgniter->initialize()
#1 C:\xampp\htdocs\rgp\index.php(28): require('C:\\xampp\\htdocs...')
#2 {main}
CRITICAL - 2025-06-05 00:59:24 --> Call to undefined function CodeIgniter\locale_set_default()
#0 C:\xampp\htdocs\rgp\system\bootstrap.php(146): CodeIgniter\CodeIgniter->initialize()
#1 C:\xampp\htdocs\rgp\index.php(28): require('C:\\xampp\\htdocs...')
#2 {main}
CRITICAL - 2025-06-05 00:59:25 --> Call to undefined function CodeIgniter\locale_set_default()
#0 C:\xampp\htdocs\rgp\system\bootstrap.php(146): CodeIgniter\CodeIgniter->initialize()
#1 C:\xampp\htdocs\rgp\index.php(28): require('C:\\xampp\\htdocs...')
#2 {main}
CRITICAL - 2025-06-05 00:59:25 --> Call to undefined function CodeIgniter\locale_set_default()
#0 C:\xampp\htdocs\rgp\system\bootstrap.php(146): CodeIgniter\CodeIgniter->initialize()
#1 C:\xampp\htdocs\rgp\index.php(28): require('C:\\xampp\\htdocs...')
#2 {main}
CRITICAL - 2025-06-05 00:59:25 --> Call to undefined function CodeIgniter\locale_set_default()
#0 C:\xampp\htdocs\rgp\system\bootstrap.php(146): CodeIgniter\CodeIgniter->initialize()
#1 C:\xampp\htdocs\rgp\index.php(28): require('C:\\xampp\\htdocs...')
#2 {main}
CRITICAL - 2025-06-05 01:07:24 --> Call to undefined function CodeIgniter\locale_set_default()
#0 C:\xampp\htdocs\rgp\system\bootstrap.php(146): CodeIgniter\CodeIgniter->initialize()
#1 C:\xampp\htdocs\rgp\index.php(28): require('C:\\xampp\\htdocs...')
#2 {main}
CRITICAL - 2025-06-05 01:07:25 --> Call to undefined function CodeIgniter\locale_set_default()
#0 C:\xampp\htdocs\rgp\system\bootstrap.php(146): CodeIgniter\CodeIgniter->initialize()
#1 C:\xampp\htdocs\rgp\index.php(28): require('C:\\xampp\\htdocs...')
#2 {main}
CRITICAL - 2025-06-05 01:07:25 --> Call to undefined function CodeIgniter\locale_set_default()
#0 C:\xampp\htdocs\rgp\system\bootstrap.php(146): CodeIgniter\CodeIgniter->initialize()
#1 C:\xampp\htdocs\rgp\index.php(28): require('C:\\xampp\\htdocs...')
#2 {main}
CRITICAL - 2025-06-05 01:07:25 --> Call to undefined function CodeIgniter\locale_set_default()
#0 C:\xampp\htdocs\rgp\system\bootstrap.php(146): CodeIgniter\CodeIgniter->initialize()
#1 C:\xampp\htdocs\rgp\index.php(28): require('C:\\xampp\\htdocs...')
#2 {main}
CRITICAL - 2025-06-05 01:07:26 --> Call to undefined function CodeIgniter\locale_set_default()
#0 C:\xampp\htdocs\rgp\system\bootstrap.php(146): CodeIgniter\CodeIgniter->initialize()
#1 C:\xampp\htdocs\rgp\index.php(28): require('C:\\xampp\\htdocs...')
#2 {main}
CRITICAL - 2025-06-05 01:07:26 --> Call to undefined function CodeIgniter\locale_set_default()
#0 C:\xampp\htdocs\rgp\system\bootstrap.php(146): CodeIgniter\CodeIgniter->initialize()
#1 C:\xampp\htdocs\rgp\index.php(28): require('C:\\xampp\\htdocs...')
#2 {main}
CRITICAL - 2025-06-05 01:07:26 --> Call to undefined function CodeIgniter\locale_set_default()
#0 C:\xampp\htdocs\rgp\system\bootstrap.php(146): CodeIgniter\CodeIgniter->initialize()
#1 C:\xampp\htdocs\rgp\index.php(28): require('C:\\xampp\\htdocs...')
#2 {main}
CRITICAL - 2025-06-05 01:07:26 --> Call to undefined function CodeIgniter\locale_set_default()
#0 C:\xampp\htdocs\rgp\system\bootstrap.php(146): CodeIgniter\CodeIgniter->initialize()
#1 C:\xampp\htdocs\rgp\index.php(28): require('C:\\xampp\\htdocs...')
#2 {main}
CRITICAL - 2025-06-05 01:07:26 --> Call to undefined function CodeIgniter\locale_set_default()
#0 C:\xampp\htdocs\rgp\system\bootstrap.php(146): CodeIgniter\CodeIgniter->initialize()
#1 C:\xampp\htdocs\rgp\index.php(28): require('C:\\xampp\\htdocs...')
#2 {main}
CRITICAL - 2025-06-05 01:07:27 --> Call to undefined function CodeIgniter\locale_set_default()
#0 C:\xampp\htdocs\rgp\system\bootstrap.php(146): CodeIgniter\CodeIgniter->initialize()
#1 C:\xampp\htdocs\rgp\index.php(28): require('C:\\xampp\\htdocs...')
#2 {main}
CRITICAL - 2025-06-05 01:07:27 --> Call to undefined function CodeIgniter\locale_set_default()
#0 C:\xampp\htdocs\rgp\system\bootstrap.php(146): CodeIgniter\CodeIgniter->initialize()
#1 C:\xampp\htdocs\rgp\index.php(28): require('C:\\xampp\\htdocs...')
#2 {main}
CRITICAL - 2025-06-05 01:10:12 --> ini_set(): session.sid_length INI setting is deprecated
#0 [internal function]: CodeIgniter\Debug\Exceptions->errorHandler(8192, 'ini_set(): sess...', 'C:\\xampp\\htdocs...', 320)
#1 C:\xampp\htdocs\rgp\system\Session\Handlers\FileHandler.php(320): ini_set('session.sid_len...', '40')
#2 C:\xampp\htdocs\rgp\system\Session\Handlers\FileHandler.php(84): CodeIgniter\Session\Handlers\FileHandler->configureSessionIDRegex()
#3 C:\xampp\htdocs\rgp\system\Config\Services.php(570): CodeIgniter\Session\Handlers\FileHandler->__construct(Object(Config\App), '::1')
#4 C:\xampp\htdocs\rgp\system\Config\BaseService.php(248): CodeIgniter\Config\Services::session(Object(Config\App), false)
#5 C:\xampp\htdocs\rgp\system\Config\BaseService.php(189): CodeIgniter\Config\BaseService::__callStatic('session', Array)
#6 C:\xampp\htdocs\rgp\system\Config\Services.php(563): CodeIgniter\Config\BaseService::getSharedInstance('session', NULL)
#7 C:\xampp\htdocs\rgp\system\Config\BaseService.php(248): CodeIgniter\Config\Services::session()
#8 C:\xampp\htdocs\rgp\system\Common.php(901): CodeIgniter\Config\BaseService::__callStatic('session', Array)
#9 C:\xampp\htdocs\rgp\app\Filters\NoAuthFilter.php(14): session()
#10 C:\xampp\htdocs\rgp\system\Filters\Filters.php(173): App\Filters\NoAuthFilter->before(Object(CodeIgniter\HTTP\IncomingRequest), NULL)
#11 C:\xampp\htdocs\rgp\system\CodeIgniter.php(395): CodeIgniter\Filters\Filters->run('/', 'before')
#12 C:\xampp\htdocs\rgp\system\CodeIgniter.php(328): CodeIgniter\CodeIgniter->handleRequest(NULL, Object(Config\Cache), false)
#13 C:\xampp\htdocs\rgp\index.php(37): CodeIgniter\CodeIgniter->run()
#14 {main}
CRITICAL - 2025-06-05 01:15:30 --> ini_set(): session.sid_length INI setting is deprecated
#0 [internal function]: CodeIgniter\Debug\Exceptions->errorHandler()
#1 C:\xampp\htdocs\rgp\system\Session\Handlers\FileHandler.php(320): ini_set()
#2 C:\xampp\htdocs\rgp\system\Session\Handlers\FileHandler.php(84): CodeIgniter\Session\Handlers\FileHandler->configureSessionIDRegex()
#3 C:\xampp\htdocs\rgp\system\Config\Services.php(570): CodeIgniter\Session\Handlers\FileHandler->__construct()
#4 C:\xampp\htdocs\rgp\system\Config\BaseService.php(248): CodeIgniter\Config\Services::session()
#5 C:\xampp\htdocs\rgp\system\Config\BaseService.php(189): CodeIgniter\Config\BaseService::__callStatic()
#6 C:\xampp\htdocs\rgp\system\Config\Services.php(563): CodeIgniter\Config\BaseService::getSharedInstance()
#7 C:\xampp\htdocs\rgp\system\Config\BaseService.php(248): CodeIgniter\Config\Services::session()
#8 C:\xampp\htdocs\rgp\system\Common.php(901): CodeIgniter\Config\BaseService::__callStatic()
#9 C:\xampp\htdocs\rgp\app\Filters\NoAuthFilter.php(14): session()
#10 C:\xampp\htdocs\rgp\system\Filters\Filters.php(173): App\Filters\NoAuthFilter->before()
#11 C:\xampp\htdocs\rgp\system\CodeIgniter.php(395): CodeIgniter\Filters\Filters->run()
#12 C:\xampp\htdocs\rgp\system\CodeIgniter.php(328): CodeIgniter\CodeIgniter->handleRequest()
#13 C:\xampp\htdocs\rgp\index.php(37): CodeIgniter\CodeIgniter->run()
#14 {main}
CRITICAL - 2025-06-05 01:15:30 --> ini_set(): session.sid_length INI setting is deprecated
#0 [internal function]: CodeIgniter\Debug\Exceptions->errorHandler()
#1 C:\xampp\htdocs\rgp\system\Session\Handlers\FileHandler.php(320): ini_set()
#2 C:\xampp\htdocs\rgp\system\Session\Handlers\FileHandler.php(84): CodeIgniter\Session\Handlers\FileHandler->configureSessionIDRegex()
#3 C:\xampp\htdocs\rgp\system\Config\Services.php(570): CodeIgniter\Session\Handlers\FileHandler->__construct()
#4 C:\xampp\htdocs\rgp\system\Config\BaseService.php(248): CodeIgniter\Config\Services::session()
#5 C:\xampp\htdocs\rgp\system\Config\BaseService.php(189): CodeIgniter\Config\BaseService::__callStatic()
#6 C:\xampp\htdocs\rgp\system\Config\Services.php(563): CodeIgniter\Config\BaseService::getSharedInstance()
#7 C:\xampp\htdocs\rgp\system\Config\BaseService.php(248): CodeIgniter\Config\Services::session()
#8 C:\xampp\htdocs\rgp\system\Common.php(901): CodeIgniter\Config\BaseService::__callStatic()
#9 C:\xampp\htdocs\rgp\app\Filters\NoAuthFilter.php(14): session()
#10 C:\xampp\htdocs\rgp\system\Filters\Filters.php(173): App\Filters\NoAuthFilter->before()
#11 C:\xampp\htdocs\rgp\system\CodeIgniter.php(395): CodeIgniter\Filters\Filters->run()
#12 C:\xampp\htdocs\rgp\system\CodeIgniter.php(328): CodeIgniter\CodeIgniter->handleRequest()
#13 C:\xampp\htdocs\rgp\index.php(37): CodeIgniter\CodeIgniter->run()
#14 {main}
CRITICAL - 2025-06-05 01:15:30 --> ini_set(): session.sid_length INI setting is deprecated
#0 [internal function]: CodeIgniter\Debug\Exceptions->errorHandler()
#1 C:\xampp\htdocs\rgp\system\Session\Handlers\FileHandler.php(320): ini_set()
#2 C:\xampp\htdocs\rgp\system\Session\Handlers\FileHandler.php(84): CodeIgniter\Session\Handlers\FileHandler->configureSessionIDRegex()
#3 C:\xampp\htdocs\rgp\system\Config\Services.php(570): CodeIgniter\Session\Handlers\FileHandler->__construct()
#4 C:\xampp\htdocs\rgp\system\Config\BaseService.php(248): CodeIgniter\Config\Services::session()
#5 C:\xampp\htdocs\rgp\system\Config\BaseService.php(189): CodeIgniter\Config\BaseService::__callStatic()
#6 C:\xampp\htdocs\rgp\system\Config\Services.php(563): CodeIgniter\Config\BaseService::getSharedInstance()
#7 C:\xampp\htdocs\rgp\system\Config\BaseService.php(248): CodeIgniter\Config\Services::session()
#8 C:\xampp\htdocs\rgp\system\Common.php(901): CodeIgniter\Config\BaseService::__callStatic()
#9 C:\xampp\htdocs\rgp\app\Filters\NoAuthFilter.php(14): session()
#10 C:\xampp\htdocs\rgp\system\Filters\Filters.php(173): App\Filters\NoAuthFilter->before()
#11 C:\xampp\htdocs\rgp\system\CodeIgniter.php(395): CodeIgniter\Filters\Filters->run()
#12 C:\xampp\htdocs\rgp\system\CodeIgniter.php(328): CodeIgniter\CodeIgniter->handleRequest()
#13 C:\xampp\htdocs\rgp\index.php(37): CodeIgniter\CodeIgniter->run()
#14 {main}
CRITICAL - 2025-06-05 01:15:31 --> ini_set(): session.sid_length INI setting is deprecated
#0 [internal function]: CodeIgniter\Debug\Exceptions->errorHandler()
#1 C:\xampp\htdocs\rgp\system\Session\Handlers\FileHandler.php(320): ini_set()
#2 C:\xampp\htdocs\rgp\system\Session\Handlers\FileHandler.php(84): CodeIgniter\Session\Handlers\FileHandler->configureSessionIDRegex()
#3 C:\xampp\htdocs\rgp\system\Config\Services.php(570): CodeIgniter\Session\Handlers\FileHandler->__construct()
#4 C:\xampp\htdocs\rgp\system\Config\BaseService.php(248): CodeIgniter\Config\Services::session()
#5 C:\xampp\htdocs\rgp\system\Config\BaseService.php(189): CodeIgniter\Config\BaseService::__callStatic()
#6 C:\xampp\htdocs\rgp\system\Config\Services.php(563): CodeIgniter\Config\BaseService::getSharedInstance()
#7 C:\xampp\htdocs\rgp\system\Config\BaseService.php(248): CodeIgniter\Config\Services::session()
#8 C:\xampp\htdocs\rgp\system\Common.php(901): CodeIgniter\Config\BaseService::__callStatic()
#9 C:\xampp\htdocs\rgp\app\Filters\NoAuthFilter.php(14): session()
#10 C:\xampp\htdocs\rgp\system\Filters\Filters.php(173): App\Filters\NoAuthFilter->before()
#11 C:\xampp\htdocs\rgp\system\CodeIgniter.php(395): CodeIgniter\Filters\Filters->run()
#12 C:\xampp\htdocs\rgp\system\CodeIgniter.php(328): CodeIgniter\CodeIgniter->handleRequest()
#13 C:\xampp\htdocs\rgp\index.php(37): CodeIgniter\CodeIgniter->run()
#14 {main}
CRITICAL - 2025-06-05 01:15:31 --> ini_set(): session.sid_length INI setting is deprecated
#0 [internal function]: CodeIgniter\Debug\Exceptions->errorHandler()
#1 C:\xampp\htdocs\rgp\system\Session\Handlers\FileHandler.php(320): ini_set()
#2 C:\xampp\htdocs\rgp\system\Session\Handlers\FileHandler.php(84): CodeIgniter\Session\Handlers\FileHandler->configureSessionIDRegex()
#3 C:\xampp\htdocs\rgp\system\Config\Services.php(570): CodeIgniter\Session\Handlers\FileHandler->__construct()
#4 C:\xampp\htdocs\rgp\system\Config\BaseService.php(248): CodeIgniter\Config\Services::session()
#5 C:\xampp\htdocs\rgp\system\Config\BaseService.php(189): CodeIgniter\Config\BaseService::__callStatic()
#6 C:\xampp\htdocs\rgp\system\Config\Services.php(563): CodeIgniter\Config\BaseService::getSharedInstance()
#7 C:\xampp\htdocs\rgp\system\Config\BaseService.php(248): CodeIgniter\Config\Services::session()
#8 C:\xampp\htdocs\rgp\system\Common.php(901): CodeIgniter\Config\BaseService::__callStatic()
#9 C:\xampp\htdocs\rgp\app\Filters\NoAuthFilter.php(14): session()
#10 C:\xampp\htdocs\rgp\system\Filters\Filters.php(173): App\Filters\NoAuthFilter->before()
#11 C:\xampp\htdocs\rgp\system\CodeIgniter.php(395): CodeIgniter\Filters\Filters->run()
#12 C:\xampp\htdocs\rgp\system\CodeIgniter.php(328): CodeIgniter\CodeIgniter->handleRequest()
#13 C:\xampp\htdocs\rgp\index.php(37): CodeIgniter\CodeIgniter->run()
#14 {main}
CRITICAL - 2025-06-05 01:15:31 --> ini_set(): session.sid_length INI setting is deprecated
#0 [internal function]: CodeIgniter\Debug\Exceptions->errorHandler()
#1 C:\xampp\htdocs\rgp\system\Session\Handlers\FileHandler.php(320): ini_set()
#2 C:\xampp\htdocs\rgp\system\Session\Handlers\FileHandler.php(84): CodeIgniter\Session\Handlers\FileHandler->configureSessionIDRegex()
#3 C:\xampp\htdocs\rgp\system\Config\Services.php(570): CodeIgniter\Session\Handlers\FileHandler->__construct()
#4 C:\xampp\htdocs\rgp\system\Config\BaseService.php(248): CodeIgniter\Config\Services::session()
#5 C:\xampp\htdocs\rgp\system\Config\BaseService.php(189): CodeIgniter\Config\BaseService::__callStatic()
#6 C:\xampp\htdocs\rgp\system\Config\Services.php(563): CodeIgniter\Config\BaseService::getSharedInstance()
#7 C:\xampp\htdocs\rgp\system\Config\BaseService.php(248): CodeIgniter\Config\Services::session()
#8 C:\xampp\htdocs\rgp\system\Common.php(901): CodeIgniter\Config\BaseService::__callStatic()
#9 C:\xampp\htdocs\rgp\app\Filters\NoAuthFilter.php(14): session()
#10 C:\xampp\htdocs\rgp\system\Filters\Filters.php(173): App\Filters\NoAuthFilter->before()
#11 C:\xampp\htdocs\rgp\system\CodeIgniter.php(395): CodeIgniter\Filters\Filters->run()
#12 C:\xampp\htdocs\rgp\system\CodeIgniter.php(328): CodeIgniter\CodeIgniter->handleRequest()
#13 C:\xampp\htdocs\rgp\index.php(37): CodeIgniter\CodeIgniter->run()
#14 {main}
CRITICAL - 2025-06-05 01:15:31 --> ini_set(): session.sid_length INI setting is deprecated
#0 [internal function]: CodeIgniter\Debug\Exceptions->errorHandler()
#1 C:\xampp\htdocs\rgp\system\Session\Handlers\FileHandler.php(320): ini_set()
#2 C:\xampp\htdocs\rgp\system\Session\Handlers\FileHandler.php(84): CodeIgniter\Session\Handlers\FileHandler->configureSessionIDRegex()
#3 C:\xampp\htdocs\rgp\system\Config\Services.php(570): CodeIgniter\Session\Handlers\FileHandler->__construct()
#4 C:\xampp\htdocs\rgp\system\Config\BaseService.php(248): CodeIgniter\Config\Services::session()
#5 C:\xampp\htdocs\rgp\system\Config\BaseService.php(189): CodeIgniter\Config\BaseService::__callStatic()
#6 C:\xampp\htdocs\rgp\system\Config\Services.php(563): CodeIgniter\Config\BaseService::getSharedInstance()
#7 C:\xampp\htdocs\rgp\system\Config\BaseService.php(248): CodeIgniter\Config\Services::session()
#8 C:\xampp\htdocs\rgp\system\Common.php(901): CodeIgniter\Config\BaseService::__callStatic()
#9 C:\xampp\htdocs\rgp\app\Filters\NoAuthFilter.php(14): session()
#10 C:\xampp\htdocs\rgp\system\Filters\Filters.php(173): App\Filters\NoAuthFilter->before()
#11 C:\xampp\htdocs\rgp\system\CodeIgniter.php(395): CodeIgniter\Filters\Filters->run()
#12 C:\xampp\htdocs\rgp\system\CodeIgniter.php(328): CodeIgniter\CodeIgniter->handleRequest()
#13 C:\xampp\htdocs\rgp\index.php(37): CodeIgniter\CodeIgniter->run()
#14 {main}
CRITICAL - 2025-06-05 01:15:31 --> ini_set(): session.sid_length INI setting is deprecated
#0 [internal function]: CodeIgniter\Debug\Exceptions->errorHandler()
#1 C:\xampp\htdocs\rgp\system\Session\Handlers\FileHandler.php(320): ini_set()
#2 C:\xampp\htdocs\rgp\system\Session\Handlers\FileHandler.php(84): CodeIgniter\Session\Handlers\FileHandler->configureSessionIDRegex()
#3 C:\xampp\htdocs\rgp\system\Config\Services.php(570): CodeIgniter\Session\Handlers\FileHandler->__construct()
#4 C:\xampp\htdocs\rgp\system\Config\BaseService.php(248): CodeIgniter\Config\Services::session()
#5 C:\xampp\htdocs\rgp\system\Config\BaseService.php(189): CodeIgniter\Config\BaseService::__callStatic()
#6 C:\xampp\htdocs\rgp\system\Config\Services.php(563): CodeIgniter\Config\BaseService::getSharedInstance()
#7 C:\xampp\htdocs\rgp\system\Config\BaseService.php(248): CodeIgniter\Config\Services::session()
#8 C:\xampp\htdocs\rgp\system\Common.php(901): CodeIgniter\Config\BaseService::__callStatic()
#9 C:\xampp\htdocs\rgp\app\Filters\NoAuthFilter.php(14): session()
#10 C:\xampp\htdocs\rgp\system\Filters\Filters.php(173): App\Filters\NoAuthFilter->before()
#11 C:\xampp\htdocs\rgp\system\CodeIgniter.php(395): CodeIgniter\Filters\Filters->run()
#12 C:\xampp\htdocs\rgp\system\CodeIgniter.php(328): CodeIgniter\CodeIgniter->handleRequest()
#13 C:\xampp\htdocs\rgp\index.php(37): CodeIgniter\CodeIgniter->run()
#14 {main}
CRITICAL - 2025-06-05 01:15:32 --> ini_set(): session.sid_length INI setting is deprecated
#0 [internal function]: CodeIgniter\Debug\Exceptions->errorHandler()
#1 C:\xampp\htdocs\rgp\system\Session\Handlers\FileHandler.php(320): ini_set()
#2 C:\xampp\htdocs\rgp\system\Session\Handlers\FileHandler.php(84): CodeIgniter\Session\Handlers\FileHandler->configureSessionIDRegex()
#3 C:\xampp\htdocs\rgp\system\Config\Services.php(570): CodeIgniter\Session\Handlers\FileHandler->__construct()
#4 C:\xampp\htdocs\rgp\system\Config\BaseService.php(248): CodeIgniter\Config\Services::session()
#5 C:\xampp\htdocs\rgp\system\Config\BaseService.php(189): CodeIgniter\Config\BaseService::__callStatic()
#6 C:\xampp\htdocs\rgp\system\Config\Services.php(563): CodeIgniter\Config\BaseService::getSharedInstance()
#7 C:\xampp\htdocs\rgp\system\Config\BaseService.php(248): CodeIgniter\Config\Services::session()
#8 C:\xampp\htdocs\rgp\system\Common.php(901): CodeIgniter\Config\BaseService::__callStatic()
#9 C:\xampp\htdocs\rgp\app\Filters\NoAuthFilter.php(14): session()
#10 C:\xampp\htdocs\rgp\system\Filters\Filters.php(173): App\Filters\NoAuthFilter->before()
#11 C:\xampp\htdocs\rgp\system\CodeIgniter.php(395): CodeIgniter\Filters\Filters->run()
#12 C:\xampp\htdocs\rgp\system\CodeIgniter.php(328): CodeIgniter\CodeIgniter->handleRequest()
#13 C:\xampp\htdocs\rgp\index.php(37): CodeIgniter\CodeIgniter->run()
#14 {main}
CRITICAL - 2025-06-05 01:15:51 --> Call to undefined function CodeIgniter\locale_set_default()
#0 C:\xampp\htdocs\rgp\system\bootstrap.php(146): CodeIgniter\CodeIgniter->initialize()
#1 C:\xampp\htdocs\rgp\index.php(28): require('...')
#2 {main}
CRITICAL - 2025-06-05 01:15:52 --> Call to undefined function CodeIgniter\locale_set_default()
#0 C:\xampp\htdocs\rgp\system\bootstrap.php(146): CodeIgniter\CodeIgniter->initialize()
#1 C:\xampp\htdocs\rgp\index.php(28): require('...')
#2 {main}
CRITICAL - 2025-06-05 01:15:52 --> Call to undefined function CodeIgniter\locale_set_default()
#0 C:\xampp\htdocs\rgp\system\bootstrap.php(146): CodeIgniter\CodeIgniter->initialize()
#1 C:\xampp\htdocs\rgp\index.php(28): require('...')
#2 {main}
CRITICAL - 2025-06-05 01:15:53 --> Call to undefined function CodeIgniter\locale_set_default()
#0 C:\xampp\htdocs\rgp\system\bootstrap.php(146): CodeIgniter\CodeIgniter->initialize()
#1 C:\xampp\htdocs\rgp\index.php(28): require('...')
#2 {main}
CRITICAL - 2025-06-05 01:15:53 --> Call to undefined function CodeIgniter\locale_set_default()
#0 C:\xampp\htdocs\rgp\system\bootstrap.php(146): CodeIgniter\CodeIgniter->initialize()
#1 C:\xampp\htdocs\rgp\index.php(28): require('...')
#2 {main}
CRITICAL - 2025-06-05 01:15:53 --> Call to undefined function CodeIgniter\locale_set_default()
#0 C:\xampp\htdocs\rgp\system\bootstrap.php(146): CodeIgniter\CodeIgniter->initialize()
#1 C:\xampp\htdocs\rgp\index.php(28): require('...')
#2 {main}
CRITICAL - 2025-06-05 01:15:53 --> Call to undefined function CodeIgniter\locale_set_default()
#0 C:\xampp\htdocs\rgp\system\bootstrap.php(146): CodeIgniter\CodeIgniter->initialize()
#1 C:\xampp\htdocs\rgp\index.php(28): require('...')
#2 {main}
CRITICAL - 2025-06-05 01:15:53 --> Call to undefined function CodeIgniter\locale_set_default()
#0 C:\xampp\htdocs\rgp\system\bootstrap.php(146): CodeIgniter\CodeIgniter->initialize()
#1 C:\xampp\htdocs\rgp\index.php(28): require('...')
#2 {main}
CRITICAL - 2025-06-05 01:16:21 --> Call to undefined function CodeIgniter\locale_set_default()
#0 C:\xampp\htdocs\rgp\system\bootstrap.php(146): CodeIgniter\CodeIgniter->initialize()
#1 C:\xampp\htdocs\rgp\index.php(28): require('...')
#2 {main}
CRITICAL - 2025-06-05 01:16:21 --> Call to undefined function CodeIgniter\locale_set_default()
#0 C:\xampp\htdocs\rgp\system\bootstrap.php(146): CodeIgniter\CodeIgniter->initialize()
#1 C:\xampp\htdocs\rgp\index.php(28): require('...')
#2 {main}
CRITICAL - 2025-06-05 01:16:21 --> Call to undefined function CodeIgniter\locale_set_default()
#0 C:\xampp\htdocs\rgp\system\bootstrap.php(146): CodeIgniter\CodeIgniter->initialize()
#1 C:\xampp\htdocs\rgp\index.php(28): require('...')
#2 {main}
CRITICAL - 2025-06-05 01:16:22 --> Call to undefined function CodeIgniter\locale_set_default()
#0 C:\xampp\htdocs\rgp\system\bootstrap.php(146): CodeIgniter\CodeIgniter->initialize()
#1 C:\xampp\htdocs\rgp\index.php(28): require('...')
#2 {main}
CRITICAL - 2025-06-05 01:16:22 --> Call to undefined function CodeIgniter\locale_set_default()
#0 C:\xampp\htdocs\rgp\system\bootstrap.php(146): CodeIgniter\CodeIgniter->initialize()
#1 C:\xampp\htdocs\rgp\index.php(28): require('...')
#2 {main}
CRITICAL - 2025-06-05 01:16:22 --> Call to undefined function CodeIgniter\locale_set_default()
#0 C:\xampp\htdocs\rgp\system\bootstrap.php(146): CodeIgniter\CodeIgniter->initialize()
#1 C:\xampp\htdocs\rgp\index.php(28): require('...')
#2 {main}
CRITICAL - 2025-06-05 01:28:37 --> Call to undefined function CodeIgniter\locale_set_default()
#0 C:\xampp\htdocs\rgp\system\bootstrap.php(146): CodeIgniter\CodeIgniter->initialize()
#1 C:\xampp\htdocs\rgp\index.php(28): require('...')
#2 {main}
CRITICAL - 2025-06-05 01:28:38 --> Call to undefined function CodeIgniter\locale_set_default()
#0 C:\xampp\htdocs\rgp\system\bootstrap.php(146): CodeIgniter\CodeIgniter->initialize()
#1 C:\xampp\htdocs\rgp\index.php(28): require('...')
#2 {main}
CRITICAL - 2025-06-05 01:28:38 --> Call to undefined function CodeIgniter\locale_set_default()
#0 C:\xampp\htdocs\rgp\system\bootstrap.php(146): CodeIgniter\CodeIgniter->initialize()
#1 C:\xampp\htdocs\rgp\index.php(28): require('...')
#2 {main}
CRITICAL - 2025-06-05 01:28:38 --> Call to undefined function CodeIgniter\locale_set_default()
#0 C:\xampp\htdocs\rgp\system\bootstrap.php(146): CodeIgniter\CodeIgniter->initialize()
#1 C:\xampp\htdocs\rgp\index.php(28): require('...')
#2 {main}
CRITICAL - 2025-06-05 01:28:38 --> Call to undefined function CodeIgniter\locale_set_default()
#0 C:\xampp\htdocs\rgp\system\bootstrap.php(146): CodeIgniter\CodeIgniter->initialize()
#1 C:\xampp\htdocs\rgp\index.php(28): require('...')
#2 {main}
CRITICAL - 2025-06-05 01:28:38 --> Call to undefined function CodeIgniter\locale_set_default()
#0 C:\xampp\htdocs\rgp\system\bootstrap.php(146): CodeIgniter\CodeIgniter->initialize()
#1 C:\xampp\htdocs\rgp\index.php(28): require('...')
#2 {main}
CRITICAL - 2025-06-05 01:28:39 --> Call to undefined function CodeIgniter\locale_set_default()
#0 C:\xampp\htdocs\rgp\system\bootstrap.php(146): CodeIgniter\CodeIgniter->initialize()
#1 C:\xampp\htdocs\rgp\index.php(28): require('...')
#2 {main}
CRITICAL - 2025-06-05 01:28:39 --> Call to undefined function CodeIgniter\locale_set_default()
#0 C:\xampp\htdocs\rgp\system\bootstrap.php(146): CodeIgniter\CodeIgniter->initialize()
#1 C:\xampp\htdocs\rgp\index.php(28): require('...')
#2 {main}
CRITICAL - 2025-06-05 01:31:33 --> Call to undefined function CodeIgniter\locale_set_default()
#0 C:\xampp\htdocs\rgp\system\bootstrap.php(146): CodeIgniter\CodeIgniter->initialize()
#1 C:\xampp\htdocs\rgp\index.php(28): require('...')
#2 {main}
CRITICAL - 2025-06-05 01:34:53 --> Call to undefined function CodeIgniter\locale_set_default()
#0 C:\xampp\htdocs\rgp\system\bootstrap.php(146): CodeIgniter\CodeIgniter->initialize()
#1 C:\xampp\htdocs\rgp\index.php(28): require('...')
#2 {main}
CRITICAL - 2025-06-05 01:36:12 --> Call to undefined function CodeIgniter\locale_set_default()
#0 C:\xampp\htdocs\rgp\system\bootstrap.php(146): CodeIgniter\CodeIgniter->initialize()
#1 C:\xampp\htdocs\rgp\index.php(28): require('...')
#2 {main}
CRITICAL - 2025-06-05 01:37:06 --> Call to undefined function CodeIgniter\locale_set_default()
#0 C:\xampp\htdocs\rgp\system\bootstrap.php(146): CodeIgniter\CodeIgniter->initialize()
#1 C:\xampp\htdocs\rgp\index.php(28): require('...')
#2 {main}
CRITICAL - 2025-06-05 01:38:18 --> Call to undefined function CodeIgniter\locale_set_default()
#0 C:\xampp\htdocs\rgp\system\bootstrap.php(146): CodeIgniter\CodeIgniter->initialize()
#1 C:\xampp\htdocs\rgp\index.php(28): require('...')
#2 {main}
CRITICAL - 2025-06-05 01:38:19 --> Call to undefined function CodeIgniter\locale_set_default()
#0 C:\xampp\htdocs\rgp\system\bootstrap.php(146): CodeIgniter\CodeIgniter->initialize()
#1 C:\xampp\htdocs\rgp\index.php(28): require('...')
#2 {main}
CRITICAL - 2025-06-05 01:38:19 --> Call to undefined function CodeIgniter\locale_set_default()
#0 C:\xampp\htdocs\rgp\system\bootstrap.php(146): CodeIgniter\CodeIgniter->initialize()
#1 C:\xampp\htdocs\rgp\index.php(28): require('...')
#2 {main}
CRITICAL - 2025-06-05 01:41:21 --> Call to undefined function CodeIgniter\locale_set_default()
#0 C:\xampp\htdocs\rgp\system\bootstrap.php(146): CodeIgniter\CodeIgniter->initialize()
#1 C:\xampp\htdocs\rgp\index.php(29): require('...')
#2 {main}
CRITICAL - 2025-06-05 01:43:34 --> ini_set(): session.sid_length INI setting is deprecated
#0 [internal function]: CodeIgniter\Debug\Exceptions->errorHandler()
#1 C:\xampp\htdocs\rgp\system\Session\Handlers\FileHandler.php(320): ini_set()
#2 C:\xampp\htdocs\rgp\system\Session\Handlers\FileHandler.php(84): CodeIgniter\Session\Handlers\FileHandler->configureSessionIDRegex()
#3 C:\xampp\htdocs\rgp\system\Config\Services.php(570): CodeIgniter\Session\Handlers\FileHandler->__construct()
#4 C:\xampp\htdocs\rgp\system\Config\BaseService.php(248): CodeIgniter\Config\Services::session()
#5 C:\xampp\htdocs\rgp\system\Config\BaseService.php(189): CodeIgniter\Config\BaseService::__callStatic()
#6 C:\xampp\htdocs\rgp\system\Config\Services.php(563): CodeIgniter\Config\BaseService::getSharedInstance()
#7 C:\xampp\htdocs\rgp\system\Config\BaseService.php(248): CodeIgniter\Config\Services::session()
#8 C:\xampp\htdocs\rgp\system\Common.php(901): CodeIgniter\Config\BaseService::__callStatic()
#9 C:\xampp\htdocs\rgp\app\Filters\NoAuthFilter.php(14): session()
#10 C:\xampp\htdocs\rgp\system\Filters\Filters.php(173): App\Filters\NoAuthFilter->before()
#11 C:\xampp\htdocs\rgp\system\CodeIgniter.php(395): CodeIgniter\Filters\Filters->run()
#12 C:\xampp\htdocs\rgp\system\CodeIgniter.php(328): CodeIgniter\CodeIgniter->handleRequest()
#13 C:\xampp\htdocs\rgp\index.php(38): CodeIgniter\CodeIgniter->run()
#14 {main}
CRITICAL - 2025-06-05 01:43:35 --> ini_set(): session.sid_length INI setting is deprecated
#0 [internal function]: CodeIgniter\Debug\Exceptions->errorHandler()
#1 C:\xampp\htdocs\rgp\system\Session\Handlers\FileHandler.php(320): ini_set()
#2 C:\xampp\htdocs\rgp\system\Session\Handlers\FileHandler.php(84): CodeIgniter\Session\Handlers\FileHandler->configureSessionIDRegex()
#3 C:\xampp\htdocs\rgp\system\Config\Services.php(570): CodeIgniter\Session\Handlers\FileHandler->__construct()
#4 C:\xampp\htdocs\rgp\system\Config\BaseService.php(248): CodeIgniter\Config\Services::session()
#5 C:\xampp\htdocs\rgp\system\Config\BaseService.php(189): CodeIgniter\Config\BaseService::__callStatic()
#6 C:\xampp\htdocs\rgp\system\Config\Services.php(563): CodeIgniter\Config\BaseService::getSharedInstance()
#7 C:\xampp\htdocs\rgp\system\Config\BaseService.php(248): CodeIgniter\Config\Services::session()
#8 C:\xampp\htdocs\rgp\system\Common.php(901): CodeIgniter\Config\BaseService::__callStatic()
#9 C:\xampp\htdocs\rgp\app\Filters\NoAuthFilter.php(14): session()
#10 C:\xampp\htdocs\rgp\system\Filters\Filters.php(173): App\Filters\NoAuthFilter->before()
#11 C:\xampp\htdocs\rgp\system\CodeIgniter.php(395): CodeIgniter\Filters\Filters->run()
#12 C:\xampp\htdocs\rgp\system\CodeIgniter.php(328): CodeIgniter\CodeIgniter->handleRequest()
#13 C:\xampp\htdocs\rgp\index.php(38): CodeIgniter\CodeIgniter->run()
#14 {main}
CRITICAL - 2025-06-05 01:43:35 --> ini_set(): session.sid_length INI setting is deprecated
#0 [internal function]: CodeIgniter\Debug\Exceptions->errorHandler()
#1 C:\xampp\htdocs\rgp\system\Session\Handlers\FileHandler.php(320): ini_set()
#2 C:\xampp\htdocs\rgp\system\Session\Handlers\FileHandler.php(84): CodeIgniter\Session\Handlers\FileHandler->configureSessionIDRegex()
#3 C:\xampp\htdocs\rgp\system\Config\Services.php(570): CodeIgniter\Session\Handlers\FileHandler->__construct()
#4 C:\xampp\htdocs\rgp\system\Config\BaseService.php(248): CodeIgniter\Config\Services::session()
#5 C:\xampp\htdocs\rgp\system\Config\BaseService.php(189): CodeIgniter\Config\BaseService::__callStatic()
#6 C:\xampp\htdocs\rgp\system\Config\Services.php(563): CodeIgniter\Config\BaseService::getSharedInstance()
#7 C:\xampp\htdocs\rgp\system\Config\BaseService.php(248): CodeIgniter\Config\Services::session()
#8 C:\xampp\htdocs\rgp\system\Common.php(901): CodeIgniter\Config\BaseService::__callStatic()
#9 C:\xampp\htdocs\rgp\app\Filters\NoAuthFilter.php(14): session()
#10 C:\xampp\htdocs\rgp\system\Filters\Filters.php(173): App\Filters\NoAuthFilter->before()
#11 C:\xampp\htdocs\rgp\system\CodeIgniter.php(395): CodeIgniter\Filters\Filters->run()
#12 C:\xampp\htdocs\rgp\system\CodeIgniter.php(328): CodeIgniter\CodeIgniter->handleRequest()
#13 C:\xampp\htdocs\rgp\index.php(38): CodeIgniter\CodeIgniter->run()
#14 {main}
CRITICAL - 2025-06-05 01:43:36 --> ini_set(): session.sid_length INI setting is deprecated
#0 [internal function]: CodeIgniter\Debug\Exceptions->errorHandler()
#1 C:\xampp\htdocs\rgp\system\Session\Handlers\FileHandler.php(320): ini_set()
#2 C:\xampp\htdocs\rgp\system\Session\Handlers\FileHandler.php(84): CodeIgniter\Session\Handlers\FileHandler->configureSessionIDRegex()
#3 C:\xampp\htdocs\rgp\system\Config\Services.php(570): CodeIgniter\Session\Handlers\FileHandler->__construct()
#4 C:\xampp\htdocs\rgp\system\Config\BaseService.php(248): CodeIgniter\Config\Services::session()
#5 C:\xampp\htdocs\rgp\system\Config\BaseService.php(189): CodeIgniter\Config\BaseService::__callStatic()
#6 C:\xampp\htdocs\rgp\system\Config\Services.php(563): CodeIgniter\Config\BaseService::getSharedInstance()
#7 C:\xampp\htdocs\rgp\system\Config\BaseService.php(248): CodeIgniter\Config\Services::session()
#8 C:\xampp\htdocs\rgp\system\Common.php(901): CodeIgniter\Config\BaseService::__callStatic()
#9 C:\xampp\htdocs\rgp\app\Filters\NoAuthFilter.php(14): session()
#10 C:\xampp\htdocs\rgp\system\Filters\Filters.php(173): App\Filters\NoAuthFilter->before()
#11 C:\xampp\htdocs\rgp\system\CodeIgniter.php(395): CodeIgniter\Filters\Filters->run()
#12 C:\xampp\htdocs\rgp\system\CodeIgniter.php(328): CodeIgniter\CodeIgniter->handleRequest()
#13 C:\xampp\htdocs\rgp\index.php(38): CodeIgniter\CodeIgniter->run()
#14 {main}
CRITICAL - 2025-06-05 01:43:36 --> ini_set(): session.sid_length INI setting is deprecated
#0 [internal function]: CodeIgniter\Debug\Exceptions->errorHandler()
#1 C:\xampp\htdocs\rgp\system\Session\Handlers\FileHandler.php(320): ini_set()
#2 C:\xampp\htdocs\rgp\system\Session\Handlers\FileHandler.php(84): CodeIgniter\Session\Handlers\FileHandler->configureSessionIDRegex()
#3 C:\xampp\htdocs\rgp\system\Config\Services.php(570): CodeIgniter\Session\Handlers\FileHandler->__construct()
#4 C:\xampp\htdocs\rgp\system\Config\BaseService.php(248): CodeIgniter\Config\Services::session()
#5 C:\xampp\htdocs\rgp\system\Config\BaseService.php(189): CodeIgniter\Config\BaseService::__callStatic()
#6 C:\xampp\htdocs\rgp\system\Config\Services.php(563): CodeIgniter\Config\BaseService::getSharedInstance()
#7 C:\xampp\htdocs\rgp\system\Config\BaseService.php(248): CodeIgniter\Config\Services::session()
#8 C:\xampp\htdocs\rgp\system\Common.php(901): CodeIgniter\Config\BaseService::__callStatic()
#9 C:\xampp\htdocs\rgp\app\Filters\NoAuthFilter.php(14): session()
#10 C:\xampp\htdocs\rgp\system\Filters\Filters.php(173): App\Filters\NoAuthFilter->before()
#11 C:\xampp\htdocs\rgp\system\CodeIgniter.php(395): CodeIgniter\Filters\Filters->run()
#12 C:\xampp\htdocs\rgp\system\CodeIgniter.php(328): CodeIgniter\CodeIgniter->handleRequest()
#13 C:\xampp\htdocs\rgp\index.php(38): CodeIgniter\CodeIgniter->run()
#14 {main}
CRITICAL - 2025-06-05 01:43:36 --> ini_set(): session.sid_length INI setting is deprecated
#0 [internal function]: CodeIgniter\Debug\Exceptions->errorHandler()
#1 C:\xampp\htdocs\rgp\system\Session\Handlers\FileHandler.php(320): ini_set()
#2 C:\xampp\htdocs\rgp\system\Session\Handlers\FileHandler.php(84): CodeIgniter\Session\Handlers\FileHandler->configureSessionIDRegex()
#3 C:\xampp\htdocs\rgp\system\Config\Services.php(570): CodeIgniter\Session\Handlers\FileHandler->__construct()
#4 C:\xampp\htdocs\rgp\system\Config\BaseService.php(248): CodeIgniter\Config\Services::session()
#5 C:\xampp\htdocs\rgp\system\Config\BaseService.php(189): CodeIgniter\Config\BaseService::__callStatic()
#6 C:\xampp\htdocs\rgp\system\Config\Services.php(563): CodeIgniter\Config\BaseService::getSharedInstance()
#7 C:\xampp\htdocs\rgp\system\Config\BaseService.php(248): CodeIgniter\Config\Services::session()
#8 C:\xampp\htdocs\rgp\system\Common.php(901): CodeIgniter\Config\BaseService::__callStatic()
#9 C:\xampp\htdocs\rgp\app\Filters\NoAuthFilter.php(14): session()
#10 C:\xampp\htdocs\rgp\system\Filters\Filters.php(173): App\Filters\NoAuthFilter->before()
#11 C:\xampp\htdocs\rgp\system\CodeIgniter.php(395): CodeIgniter\Filters\Filters->run()
#12 C:\xampp\htdocs\rgp\system\CodeIgniter.php(328): CodeIgniter\CodeIgniter->handleRequest()
#13 C:\xampp\htdocs\rgp\index.php(38): CodeIgniter\CodeIgniter->run()
#14 {main}
CRITICAL - 2025-06-05 08:47:32 --> Creation of dynamic property App\Controllers\Admin\Admin::$validation is deprecated
#0 C:\xampp\htdocs\rgp\app\Controllers\Admin\Admin.php(13): CodeIgniter\Debug\Exceptions->errorHandler(8192, 'Creation of dyn...', 'C:\\xampp\\htdocs...', 13)
#1 C:\xampp\htdocs\rgp\system\CodeIgniter.php(811): App\Controllers\Admin\Admin->__construct()
#2 C:\xampp\htdocs\rgp\system\CodeIgniter.php(412): CodeIgniter\CodeIgniter->createController()
#3 C:\xampp\htdocs\rgp\system\CodeIgniter.php(328): CodeIgniter\CodeIgniter->handleRequest(NULL, Object(Config\Cache), false)
#4 C:\xampp\htdocs\rgp\index.php(38): CodeIgniter\CodeIgniter->run()
#5 {main}
CRITICAL - 2025-06-05 08:52:33 --> Creation of dynamic property App\Controllers\Admin\Admin::$validation is deprecated
#0 C:\xampp\htdocs\rgp\app\Controllers\Admin\Admin.php(13): CodeIgniter\Debug\Exceptions->errorHandler(8192, 'Creation of dyn...', 'C:\\xampp\\htdocs...', 13)
#1 C:\xampp\htdocs\rgp\system\CodeIgniter.php(811): App\Controllers\Admin\Admin->__construct()
#2 C:\xampp\htdocs\rgp\system\CodeIgniter.php(412): CodeIgniter\CodeIgniter->createController()
#3 C:\xampp\htdocs\rgp\system\CodeIgniter.php(328): CodeIgniter\CodeIgniter->handleRequest(NULL, Object(Config\Cache), false)
#4 C:\xampp\htdocs\rgp\index.php(38): CodeIgniter\CodeIgniter->run()
#5 {main}
CRITICAL - 2025-06-05 08:52:54 --> Creation of dynamic property App\Controllers\Admin\Admin::$validation is deprecated
#0 C:\xampp\htdocs\rgp\app\Controllers\Admin\Admin.php(13): CodeIgniter\Debug\Exceptions->errorHandler(8192, 'Creation of dyn...', 'C:\\xampp\\htdocs...', 13)
#1 C:\xampp\htdocs\rgp\system\CodeIgniter.php(811): App\Controllers\Admin\Admin->__construct()
#2 C:\xampp\htdocs\rgp\system\CodeIgniter.php(412): CodeIgniter\CodeIgniter->createController()
#3 C:\xampp\htdocs\rgp\system\CodeIgniter.php(328): CodeIgniter\CodeIgniter->handleRequest(NULL, Object(Config\Cache), false)
#4 C:\xampp\htdocs\rgp\index.php(38): CodeIgniter\CodeIgniter->run()
#5 {main}
CRITICAL - 2025-06-05 01:53:40 --> ini_set(): session.sid_length INI setting is deprecated
#0 [internal function]: CodeIgniter\Debug\Exceptions->errorHandler()
#1 C:\xampp\htdocs\rgp\system\Session\Handlers\FileHandler.php(320): ini_set()
#2 C:\xampp\htdocs\rgp\system\Session\Handlers\FileHandler.php(84): CodeIgniter\Session\Handlers\FileHandler->configureSessionIDRegex()
#3 C:\xampp\htdocs\rgp\system\Config\Services.php(570): CodeIgniter\Session\Handlers\FileHandler->__construct()
#4 C:\xampp\htdocs\rgp\system\Config\BaseService.php(248): CodeIgniter\Config\Services::session()
#5 C:\xampp\htdocs\rgp\system\Config\BaseService.php(189): CodeIgniter\Config\BaseService::__callStatic()
#6 C:\xampp\htdocs\rgp\system\Config\Services.php(563): CodeIgniter\Config\BaseService::getSharedInstance()
#7 C:\xampp\htdocs\rgp\system\Config\BaseService.php(248): CodeIgniter\Config\Services::session()
#8 C:\xampp\htdocs\rgp\system\Common.php(901): CodeIgniter\Config\BaseService::__callStatic()
#9 C:\xampp\htdocs\rgp\app\Filters\NoAuthFilter.php(14): session()
#10 C:\xampp\htdocs\rgp\system\Filters\Filters.php(173): App\Filters\NoAuthFilter->before()
#11 C:\xampp\htdocs\rgp\system\CodeIgniter.php(395): CodeIgniter\Filters\Filters->run()
#12 C:\xampp\htdocs\rgp\system\CodeIgniter.php(328): CodeIgniter\CodeIgniter->handleRequest()
#13 C:\xampp\htdocs\rgp\index.php(38): CodeIgniter\CodeIgniter->run()
#14 {main}
CRITICAL - 2025-06-05 02:12:08 --> ini_set(): session.sid_length INI setting is deprecated
#0 [internal function]: CodeIgniter\Debug\Exceptions->errorHandler()
#1 C:\xampp\htdocs\rgp\system\Session\Handlers\FileHandler.php(320): ini_set()
#2 C:\xampp\htdocs\rgp\system\Session\Handlers\FileHandler.php(84): CodeIgniter\Session\Handlers\FileHandler->configureSessionIDRegex()
#3 C:\xampp\htdocs\rgp\system\Config\Services.php(570): CodeIgniter\Session\Handlers\FileHandler->__construct()
#4 C:\xampp\htdocs\rgp\system\Config\BaseService.php(248): CodeIgniter\Config\Services::session()
#5 C:\xampp\htdocs\rgp\system\Config\BaseService.php(189): CodeIgniter\Config\BaseService::__callStatic()
#6 C:\xampp\htdocs\rgp\system\Config\Services.php(563): CodeIgniter\Config\BaseService::getSharedInstance()
#7 C:\xampp\htdocs\rgp\system\Config\BaseService.php(248): CodeIgniter\Config\Services::session()
#8 C:\xampp\htdocs\rgp\system\Common.php(901): CodeIgniter\Config\BaseService::__callStatic()
#9 C:\xampp\htdocs\rgp\app\Filters\NoAuthFilter.php(14): session()
#10 C:\xampp\htdocs\rgp\system\Filters\Filters.php(173): App\Filters\NoAuthFilter->before()
#11 C:\xampp\htdocs\rgp\system\CodeIgniter.php(395): CodeIgniter\Filters\Filters->run()
#12 C:\xampp\htdocs\rgp\system\CodeIgniter.php(328): CodeIgniter\CodeIgniter->handleRequest()
#13 C:\xampp\htdocs\rgp\index.php(38): CodeIgniter\CodeIgniter->run()
#14 {main}
CRITICAL - 2025-06-05 02:12:59 --> ini_set(): session.sid_length INI setting is deprecated
#0 [internal function]: CodeIgniter\Debug\Exceptions->errorHandler()
#1 C:\xampp\htdocs\rgp\system\Session\Handlers\FileHandler.php(320): ini_set()
#2 C:\xampp\htdocs\rgp\system\Session\Handlers\FileHandler.php(84): CodeIgniter\Session\Handlers\FileHandler->configureSessionIDRegex()
#3 C:\xampp\htdocs\rgp\system\Config\Services.php(570): CodeIgniter\Session\Handlers\FileHandler->__construct()
#4 C:\xampp\htdocs\rgp\system\Config\BaseService.php(248): CodeIgniter\Config\Services::session()
#5 C:\xampp\htdocs\rgp\system\Config\BaseService.php(189): CodeIgniter\Config\BaseService::__callStatic()
#6 C:\xampp\htdocs\rgp\system\Config\Services.php(563): CodeIgniter\Config\BaseService::getSharedInstance()
#7 C:\xampp\htdocs\rgp\system\Config\BaseService.php(248): CodeIgniter\Config\Services::session()
#8 C:\xampp\htdocs\rgp\system\Common.php(901): CodeIgniter\Config\BaseService::__callStatic()
#9 C:\xampp\htdocs\rgp\app\Filters\NoAuthFilter.php(14): session()
#10 C:\xampp\htdocs\rgp\system\Filters\Filters.php(173): App\Filters\NoAuthFilter->before()
#11 C:\xampp\htdocs\rgp\system\CodeIgniter.php(395): CodeIgniter\Filters\Filters->run()
#12 C:\xampp\htdocs\rgp\system\CodeIgniter.php(328): CodeIgniter\CodeIgniter->handleRequest()
#13 C:\xampp\htdocs\rgp\index.php(38): CodeIgniter\CodeIgniter->run()
#14 {main}
CRITICAL - 2025-06-05 02:26:09 --> fopen(C:\xampp\htdocs\rgp\writable\session/ci_session20a16a4d0c6d24deb9136f28fca436361178b1124ba27de8f6d012bf338da3ce47679057b53acb5dc990bba708cfba16548a5a59a52c2ca4cbfe672f2375987d9ede68efcaacd48f52c3452db5b553590ce033b254c09880e4179481380e696febb607a747082aeb75f9297c95c78990701f5fb3400c17b9d155067f77c203c8): Failed to open stream: No such file or directory
#0 [internal function]: CodeIgniter\Debug\Exceptions->errorHandler()
#1 C:\xampp\htdocs\rgp\system\Session\Handlers\FileHandler.php(129): fopen()
#2 [internal function]: CodeIgniter\Session\Handlers\FileHandler->read()
#3 C:\xampp\htdocs\rgp\system\Session\Session.php(894): session_start()
#4 C:\xampp\htdocs\rgp\system\Session\Session.php(238): CodeIgniter\Session\Session->startSession()
#5 C:\xampp\htdocs\rgp\system\Config\Services.php(577): CodeIgniter\Session\Session->start()
#6 C:\xampp\htdocs\rgp\system\Config\BaseService.php(248): CodeIgniter\Config\Services::session()
#7 C:\xampp\htdocs\rgp\system\Config\BaseService.php(189): CodeIgniter\Config\BaseService::__callStatic()
#8 C:\xampp\htdocs\rgp\system\Config\Services.php(563): CodeIgniter\Config\BaseService::getSharedInstance()
#9 C:\xampp\htdocs\rgp\system\Config\BaseService.php(248): CodeIgniter\Config\Services::session()
#10 C:\xampp\htdocs\rgp\system\Common.php(901): CodeIgniter\Config\BaseService::__callStatic()
#11 C:\xampp\htdocs\rgp\app\Filters\NoAuthFilter.php(14): session()
#12 C:\xampp\htdocs\rgp\system\Filters\Filters.php(173): App\Filters\NoAuthFilter->before()
#13 C:\xampp\htdocs\rgp\system\CodeIgniter.php(395): CodeIgniter\Filters\Filters->run()
#14 C:\xampp\htdocs\rgp\system\CodeIgniter.php(328): CodeIgniter\CodeIgniter->handleRequest()
#15 C:\xampp\htdocs\rgp\index.php(38): CodeIgniter\CodeIgniter->run()
#16 {main}
CRITICAL - 2025-06-05 02:27:03 --> fopen(C:\xampp\htdocs\rgp\writable\session/ci_session20a16a4d0c6d24deb9136f28fca436361178b1124ba27de8f6d012bf338da3ce47679057b53acb5dc990bba708cfba16548a5a59a52c2ca4cbfe672f2375987d9ede68efcaacd48f52c3452db5b553590ce033b254c09880e4179481380e696febb607a747082aeb75f9297c95c78990701f5fb3400c17b9d155067f77c203c8): Failed to open stream: No such file or directory
#0 [internal function]: CodeIgniter\Debug\Exceptions->errorHandler()
#1 C:\xampp\htdocs\rgp\system\Session\Handlers\FileHandler.php(129): fopen()
#2 [internal function]: CodeIgniter\Session\Handlers\FileHandler->read()
#3 C:\xampp\htdocs\rgp\system\Session\Session.php(894): session_start()
#4 C:\xampp\htdocs\rgp\system\Session\Session.php(238): CodeIgniter\Session\Session->startSession()
#5 C:\xampp\htdocs\rgp\system\Config\Services.php(577): CodeIgniter\Session\Session->start()
#6 C:\xampp\htdocs\rgp\system\Config\BaseService.php(248): CodeIgniter\Config\Services::session()
#7 C:\xampp\htdocs\rgp\system\Config\BaseService.php(189): CodeIgniter\Config\BaseService::__callStatic()
#8 C:\xampp\htdocs\rgp\system\Config\Services.php(563): CodeIgniter\Config\BaseService::getSharedInstance()
#9 C:\xampp\htdocs\rgp\system\Config\BaseService.php(248): CodeIgniter\Config\Services::session()
#10 C:\xampp\htdocs\rgp\system\Common.php(901): CodeIgniter\Config\BaseService::__callStatic()
#11 C:\xampp\htdocs\rgp\app\Filters\NoAuthFilter.php(14): session()
#12 C:\xampp\htdocs\rgp\system\Filters\Filters.php(173): App\Filters\NoAuthFilter->before()
#13 C:\xampp\htdocs\rgp\system\CodeIgniter.php(395): CodeIgniter\Filters\Filters->run()
#14 C:\xampp\htdocs\rgp\system\CodeIgniter.php(328): CodeIgniter\CodeIgniter->handleRequest()
#15 C:\xampp\htdocs\rgp\index.php(38): CodeIgniter\CodeIgniter->run()
#16 {main}
CRITICAL - 2025-06-05 02:27:06 --> fopen(C:\xampp\htdocs\rgp\writable\session/ci_session20a16a4d0c6d24deb9136f28fca436361178b1124ba27de8f6d012bf338da3ce47679057b53acb5dc990bba708cfba16548a5a59a52c2ca4cbfe672f2375987d9ede68efcaacd48f52c3452db5b553590ce033b254c09880e4179481380e696febb607a747082aeb75f9297c95c78990701f5fb3400c17b9d155067f77c203c8): Failed to open stream: No such file or directory
#0 [internal function]: CodeIgniter\Debug\Exceptions->errorHandler()
#1 C:\xampp\htdocs\rgp\system\Session\Handlers\FileHandler.php(129): fopen()
#2 [internal function]: CodeIgniter\Session\Handlers\FileHandler->read()
#3 C:\xampp\htdocs\rgp\system\Session\Session.php(894): session_start()
#4 C:\xampp\htdocs\rgp\system\Session\Session.php(238): CodeIgniter\Session\Session->startSession()
#5 C:\xampp\htdocs\rgp\system\Config\Services.php(577): CodeIgniter\Session\Session->start()
#6 C:\xampp\htdocs\rgp\system\Config\BaseService.php(248): CodeIgniter\Config\Services::session()
#7 C:\xampp\htdocs\rgp\system\Config\BaseService.php(189): CodeIgniter\Config\BaseService::__callStatic()
#8 C:\xampp\htdocs\rgp\system\Config\Services.php(563): CodeIgniter\Config\BaseService::getSharedInstance()
#9 C:\xampp\htdocs\rgp\system\Config\BaseService.php(248): CodeIgniter\Config\Services::session()
#10 C:\xampp\htdocs\rgp\system\Common.php(901): CodeIgniter\Config\BaseService::__callStatic()
#11 C:\xampp\htdocs\rgp\app\Filters\NoAuthFilter.php(14): session()
#12 C:\xampp\htdocs\rgp\system\Filters\Filters.php(173): App\Filters\NoAuthFilter->before()
#13 C:\xampp\htdocs\rgp\system\CodeIgniter.php(395): CodeIgniter\Filters\Filters->run()
#14 C:\xampp\htdocs\rgp\system\CodeIgniter.php(328): CodeIgniter\CodeIgniter->handleRequest()
#15 C:\xampp\htdocs\rgp\index.php(38): CodeIgniter\CodeIgniter->run()
#16 {main}
CRITICAL - 2025-06-05 02:27:24 --> fopen(C:\xampp\htdocs\rgp\writable\session/ci_session20a16a4d0c6d24deb9136f28fca436361178b1124ba27de8f6d012bf338da3ce47679057b53acb5dc990bba708cfba16548a5a59a52c2ca4cbfe672f2375987d9ede68efcaacd48f52c3452db5b553590ce033b254c09880e4179481380e696febb607a747082aeb75f9297c95c78990701f5fb3400c17b9d155067f77c203c8): Failed to open stream: No such file or directory
#0 [internal function]: CodeIgniter\Debug\Exceptions->errorHandler()
#1 C:\xampp\htdocs\rgp\system\Session\Handlers\FileHandler.php(129): fopen()
#2 [internal function]: CodeIgniter\Session\Handlers\FileHandler->read()
#3 C:\xampp\htdocs\rgp\system\Session\Session.php(894): session_start()
#4 C:\xampp\htdocs\rgp\system\Session\Session.php(238): CodeIgniter\Session\Session->startSession()
#5 C:\xampp\htdocs\rgp\system\Config\Services.php(577): CodeIgniter\Session\Session->start()
#6 C:\xampp\htdocs\rgp\system\Config\BaseService.php(248): CodeIgniter\Config\Services::session()
#7 C:\xampp\htdocs\rgp\system\Config\BaseService.php(189): CodeIgniter\Config\BaseService::__callStatic()
#8 C:\xampp\htdocs\rgp\system\Config\Services.php(563): CodeIgniter\Config\BaseService::getSharedInstance()
#9 C:\xampp\htdocs\rgp\system\Config\BaseService.php(248): CodeIgniter\Config\Services::session()
#10 C:\xampp\htdocs\rgp\system\Common.php(901): CodeIgniter\Config\BaseService::__callStatic()
#11 C:\xampp\htdocs\rgp\app\Filters\NoAuthFilter.php(14): session()
#12 C:\xampp\htdocs\rgp\system\Filters\Filters.php(173): App\Filters\NoAuthFilter->before()
#13 C:\xampp\htdocs\rgp\system\CodeIgniter.php(395): CodeIgniter\Filters\Filters->run()
#14 C:\xampp\htdocs\rgp\system\CodeIgniter.php(328): CodeIgniter\CodeIgniter->handleRequest()
#15 C:\xampp\htdocs\rgp\index.php(38): CodeIgniter\CodeIgniter->run()
#16 {main}
CRITICAL - 2025-06-05 02:28:29 --> ini_set(): session.sid_length INI setting is deprecated
#0 [internal function]: CodeIgniter\Debug\Exceptions->errorHandler()
#1 C:\xampp\htdocs\rgp\system\Session\Handlers\FileHandler.php(320): ini_set()
#2 C:\xampp\htdocs\rgp\system\Session\Handlers\FileHandler.php(84): CodeIgniter\Session\Handlers\FileHandler->configureSessionIDRegex()
#3 C:\xampp\htdocs\rgp\system\Config\Services.php(570): CodeIgniter\Session\Handlers\FileHandler->__construct()
#4 C:\xampp\htdocs\rgp\system\Config\BaseService.php(248): CodeIgniter\Config\Services::session()
#5 C:\xampp\htdocs\rgp\system\Config\BaseService.php(189): CodeIgniter\Config\BaseService::__callStatic()
#6 C:\xampp\htdocs\rgp\system\Config\Services.php(563): CodeIgniter\Config\BaseService::getSharedInstance()
#7 C:\xampp\htdocs\rgp\system\Config\BaseService.php(248): CodeIgniter\Config\Services::session()
#8 C:\xampp\htdocs\rgp\system\Common.php(901): CodeIgniter\Config\BaseService::__callStatic()
#9 C:\xampp\htdocs\rgp\app\Filters\NoAuthFilter.php(14): session()
#10 C:\xampp\htdocs\rgp\system\Filters\Filters.php(173): App\Filters\NoAuthFilter->before()
#11 C:\xampp\htdocs\rgp\system\CodeIgniter.php(395): CodeIgniter\Filters\Filters->run()
#12 C:\xampp\htdocs\rgp\system\CodeIgniter.php(328): CodeIgniter\CodeIgniter->handleRequest()
#13 C:\xampp\htdocs\rgp\index.php(38): CodeIgniter\CodeIgniter->run()
#14 {main}
CRITICAL - 2025-06-05 02:28:30 --> ini_set(): session.sid_length INI setting is deprecated
#0 [internal function]: CodeIgniter\Debug\Exceptions->errorHandler()
#1 C:\xampp\htdocs\rgp\system\Session\Handlers\FileHandler.php(320): ini_set()
#2 C:\xampp\htdocs\rgp\system\Session\Handlers\FileHandler.php(84): CodeIgniter\Session\Handlers\FileHandler->configureSessionIDRegex()
#3 C:\xampp\htdocs\rgp\system\Config\Services.php(570): CodeIgniter\Session\Handlers\FileHandler->__construct()
#4 C:\xampp\htdocs\rgp\system\Config\BaseService.php(248): CodeIgniter\Config\Services::session()
#5 C:\xampp\htdocs\rgp\system\Config\BaseService.php(189): CodeIgniter\Config\BaseService::__callStatic()
#6 C:\xampp\htdocs\rgp\system\Config\Services.php(563): CodeIgniter\Config\BaseService::getSharedInstance()
#7 C:\xampp\htdocs\rgp\system\Config\BaseService.php(248): CodeIgniter\Config\Services::session()
#8 C:\xampp\htdocs\rgp\system\Common.php(901): CodeIgniter\Config\BaseService::__callStatic()
#9 C:\xampp\htdocs\rgp\app\Filters\NoAuthFilter.php(14): session()
#10 C:\xampp\htdocs\rgp\system\Filters\Filters.php(173): App\Filters\NoAuthFilter->before()
#11 C:\xampp\htdocs\rgp\system\CodeIgniter.php(395): CodeIgniter\Filters\Filters->run()
#12 C:\xampp\htdocs\rgp\system\CodeIgniter.php(328): CodeIgniter\CodeIgniter->handleRequest()
#13 C:\xampp\htdocs\rgp\index.php(38): CodeIgniter\CodeIgniter->run()
#14 {main}
CRITICAL - 2025-06-05 02:28:31 --> ini_set(): session.sid_length INI setting is deprecated
#0 [internal function]: CodeIgniter\Debug\Exceptions->errorHandler()
#1 C:\xampp\htdocs\rgp\system\Session\Handlers\FileHandler.php(320): ini_set()
#2 C:\xampp\htdocs\rgp\system\Session\Handlers\FileHandler.php(84): CodeIgniter\Session\Handlers\FileHandler->configureSessionIDRegex()
#3 C:\xampp\htdocs\rgp\system\Config\Services.php(570): CodeIgniter\Session\Handlers\FileHandler->__construct()
#4 C:\xampp\htdocs\rgp\system\Config\BaseService.php(248): CodeIgniter\Config\Services::session()
#5 C:\xampp\htdocs\rgp\system\Config\BaseService.php(189): CodeIgniter\Config\BaseService::__callStatic()
#6 C:\xampp\htdocs\rgp\system\Config\Services.php(563): CodeIgniter\Config\BaseService::getSharedInstance()
#7 C:\xampp\htdocs\rgp\system\Config\BaseService.php(248): CodeIgniter\Config\Services::session()
#8 C:\xampp\htdocs\rgp\system\Common.php(901): CodeIgniter\Config\BaseService::__callStatic()
#9 C:\xampp\htdocs\rgp\app\Filters\NoAuthFilter.php(14): session()
#10 C:\xampp\htdocs\rgp\system\Filters\Filters.php(173): App\Filters\NoAuthFilter->before()
#11 C:\xampp\htdocs\rgp\system\CodeIgniter.php(395): CodeIgniter\Filters\Filters->run()
#12 C:\xampp\htdocs\rgp\system\CodeIgniter.php(328): CodeIgniter\CodeIgniter->handleRequest()
#13 C:\xampp\htdocs\rgp\index.php(38): CodeIgniter\CodeIgniter->run()
#14 {main}
CRITICAL - 2025-06-05 02:28:31 --> ini_set(): session.sid_length INI setting is deprecated
#0 [internal function]: CodeIgniter\Debug\Exceptions->errorHandler()
#1 C:\xampp\htdocs\rgp\system\Session\Handlers\FileHandler.php(320): ini_set()
#2 C:\xampp\htdocs\rgp\system\Session\Handlers\FileHandler.php(84): CodeIgniter\Session\Handlers\FileHandler->configureSessionIDRegex()
#3 C:\xampp\htdocs\rgp\system\Config\Services.php(570): CodeIgniter\Session\Handlers\FileHandler->__construct()
#4 C:\xampp\htdocs\rgp\system\Config\BaseService.php(248): CodeIgniter\Config\Services::session()
#5 C:\xampp\htdocs\rgp\system\Config\BaseService.php(189): CodeIgniter\Config\BaseService::__callStatic()
#6 C:\xampp\htdocs\rgp\system\Config\Services.php(563): CodeIgniter\Config\BaseService::getSharedInstance()
#7 C:\xampp\htdocs\rgp\system\Config\BaseService.php(248): CodeIgniter\Config\Services::session()
#8 C:\xampp\htdocs\rgp\system\Common.php(901): CodeIgniter\Config\BaseService::__callStatic()
#9 C:\xampp\htdocs\rgp\app\Filters\NoAuthFilter.php(14): session()
#10 C:\xampp\htdocs\rgp\system\Filters\Filters.php(173): App\Filters\NoAuthFilter->before()
#11 C:\xampp\htdocs\rgp\system\CodeIgniter.php(395): CodeIgniter\Filters\Filters->run()
#12 C:\xampp\htdocs\rgp\system\CodeIgniter.php(328): CodeIgniter\CodeIgniter->handleRequest()
#13 C:\xampp\htdocs\rgp\index.php(38): CodeIgniter\CodeIgniter->run()
#14 {main}
CRITICAL - 2025-06-05 02:28:31 --> ini_set(): session.sid_length INI setting is deprecated
#0 [internal function]: CodeIgniter\Debug\Exceptions->errorHandler()
#1 C:\xampp\htdocs\rgp\system\Session\Handlers\FileHandler.php(320): ini_set()
#2 C:\xampp\htdocs\rgp\system\Session\Handlers\FileHandler.php(84): CodeIgniter\Session\Handlers\FileHandler->configureSessionIDRegex()
#3 C:\xampp\htdocs\rgp\system\Config\Services.php(570): CodeIgniter\Session\Handlers\FileHandler->__construct()
#4 C:\xampp\htdocs\rgp\system\Config\BaseService.php(248): CodeIgniter\Config\Services::session()
#5 C:\xampp\htdocs\rgp\system\Config\BaseService.php(189): CodeIgniter\Config\BaseService::__callStatic()
#6 C:\xampp\htdocs\rgp\system\Config\Services.php(563): CodeIgniter\Config\BaseService::getSharedInstance()
#7 C:\xampp\htdocs\rgp\system\Config\BaseService.php(248): CodeIgniter\Config\Services::session()
#8 C:\xampp\htdocs\rgp\system\Common.php(901): CodeIgniter\Config\BaseService::__callStatic()
#9 C:\xampp\htdocs\rgp\app\Filters\NoAuthFilter.php(14): session()
#10 C:\xampp\htdocs\rgp\system\Filters\Filters.php(173): App\Filters\NoAuthFilter->before()
#11 C:\xampp\htdocs\rgp\system\CodeIgniter.php(395): CodeIgniter\Filters\Filters->run()
#12 C:\xampp\htdocs\rgp\system\CodeIgniter.php(328): CodeIgniter\CodeIgniter->handleRequest()
#13 C:\xampp\htdocs\rgp\index.php(38): CodeIgniter\CodeIgniter->run()
#14 {main}
CRITICAL - 2025-06-05 02:28:31 --> ini_set(): session.sid_length INI setting is deprecated
#0 [internal function]: CodeIgniter\Debug\Exceptions->errorHandler()
#1 C:\xampp\htdocs\rgp\system\Session\Handlers\FileHandler.php(320): ini_set()
#2 C:\xampp\htdocs\rgp\system\Session\Handlers\FileHandler.php(84): CodeIgniter\Session\Handlers\FileHandler->configureSessionIDRegex()
#3 C:\xampp\htdocs\rgp\system\Config\Services.php(570): CodeIgniter\Session\Handlers\FileHandler->__construct()
#4 C:\xampp\htdocs\rgp\system\Config\BaseService.php(248): CodeIgniter\Config\Services::session()
#5 C:\xampp\htdocs\rgp\system\Config\BaseService.php(189): CodeIgniter\Config\BaseService::__callStatic()
#6 C:\xampp\htdocs\rgp\system\Config\Services.php(563): CodeIgniter\Config\BaseService::getSharedInstance()
#7 C:\xampp\htdocs\rgp\system\Config\BaseService.php(248): CodeIgniter\Config\Services::session()
#8 C:\xampp\htdocs\rgp\system\Common.php(901): CodeIgniter\Config\BaseService::__callStatic()
#9 C:\xampp\htdocs\rgp\app\Filters\NoAuthFilter.php(14): session()
#10 C:\xampp\htdocs\rgp\system\Filters\Filters.php(173): App\Filters\NoAuthFilter->before()
#11 C:\xampp\htdocs\rgp\system\CodeIgniter.php(395): CodeIgniter\Filters\Filters->run()
#12 C:\xampp\htdocs\rgp\system\CodeIgniter.php(328): CodeIgniter\CodeIgniter->handleRequest()
#13 C:\xampp\htdocs\rgp\index.php(38): CodeIgniter\CodeIgniter->run()
#14 {main}
CRITICAL - 2025-06-05 02:28:31 --> ini_set(): session.sid_length INI setting is deprecated
#0 [internal function]: CodeIgniter\Debug\Exceptions->errorHandler()
#1 C:\xampp\htdocs\rgp\system\Session\Handlers\FileHandler.php(320): ini_set()
#2 C:\xampp\htdocs\rgp\system\Session\Handlers\FileHandler.php(84): CodeIgniter\Session\Handlers\FileHandler->configureSessionIDRegex()
#3 C:\xampp\htdocs\rgp\system\Config\Services.php(570): CodeIgniter\Session\Handlers\FileHandler->__construct()
#4 C:\xampp\htdocs\rgp\system\Config\BaseService.php(248): CodeIgniter\Config\Services::session()
#5 C:\xampp\htdocs\rgp\system\Config\BaseService.php(189): CodeIgniter\Config\BaseService::__callStatic()
#6 C:\xampp\htdocs\rgp\system\Config\Services.php(563): CodeIgniter\Config\BaseService::getSharedInstance()
#7 C:\xampp\htdocs\rgp\system\Config\BaseService.php(248): CodeIgniter\Config\Services::session()
#8 C:\xampp\htdocs\rgp\system\Common.php(901): CodeIgniter\Config\BaseService::__callStatic()
#9 C:\xampp\htdocs\rgp\app\Filters\NoAuthFilter.php(14): session()
#10 C:\xampp\htdocs\rgp\system\Filters\Filters.php(173): App\Filters\NoAuthFilter->before()
#11 C:\xampp\htdocs\rgp\system\CodeIgniter.php(395): CodeIgniter\Filters\Filters->run()
#12 C:\xampp\htdocs\rgp\system\CodeIgniter.php(328): CodeIgniter\CodeIgniter->handleRequest()
#13 C:\xampp\htdocs\rgp\index.php(38): CodeIgniter\CodeIgniter->run()
#14 {main}
CRITICAL - 2025-06-05 02:28:32 --> ini_set(): session.sid_length INI setting is deprecated
#0 [internal function]: CodeIgniter\Debug\Exceptions->errorHandler()
#1 C:\xampp\htdocs\rgp\system\Session\Handlers\FileHandler.php(320): ini_set()
#2 C:\xampp\htdocs\rgp\system\Session\Handlers\FileHandler.php(84): CodeIgniter\Session\Handlers\FileHandler->configureSessionIDRegex()
#3 C:\xampp\htdocs\rgp\system\Config\Services.php(570): CodeIgniter\Session\Handlers\FileHandler->__construct()
#4 C:\xampp\htdocs\rgp\system\Config\BaseService.php(248): CodeIgniter\Config\Services::session()
#5 C:\xampp\htdocs\rgp\system\Config\BaseService.php(189): CodeIgniter\Config\BaseService::__callStatic()
#6 C:\xampp\htdocs\rgp\system\Config\Services.php(563): CodeIgniter\Config\BaseService::getSharedInstance()
#7 C:\xampp\htdocs\rgp\system\Config\BaseService.php(248): CodeIgniter\Config\Services::session()
#8 C:\xampp\htdocs\rgp\system\Common.php(901): CodeIgniter\Config\BaseService::__callStatic()
#9 C:\xampp\htdocs\rgp\app\Filters\NoAuthFilter.php(14): session()
#10 C:\xampp\htdocs\rgp\system\Filters\Filters.php(173): App\Filters\NoAuthFilter->before()
#11 C:\xampp\htdocs\rgp\system\CodeIgniter.php(395): CodeIgniter\Filters\Filters->run()
#12 C:\xampp\htdocs\rgp\system\CodeIgniter.php(328): CodeIgniter\CodeIgniter->handleRequest()
#13 C:\xampp\htdocs\rgp\index.php(38): CodeIgniter\CodeIgniter->run()
#14 {main}
CRITICAL - 2025-06-05 09:37:15 --> Creation of dynamic property App\Controllers\Admin\Admin::$validation is deprecated
#0 C:\xampp\htdocs\rgp\app\Controllers\Admin\Admin.php(13): CodeIgniter\Debug\Exceptions->errorHandler(8192, 'Creation of dyn...', 'C:\\xampp\\htdocs...', 13)
#1 C:\xampp\htdocs\rgp\system\CodeIgniter.php(811): App\Controllers\Admin\Admin->__construct()
#2 C:\xampp\htdocs\rgp\system\CodeIgniter.php(412): CodeIgniter\CodeIgniter->createController()
#3 C:\xampp\htdocs\rgp\system\CodeIgniter.php(328): CodeIgniter\CodeIgniter->handleRequest(NULL, Object(Config\Cache), false)
#4 C:\xampp\htdocs\rgp\index.php(38): CodeIgniter\CodeIgniter->run()
#5 {main}
CRITICAL - 2025-06-05 09:37:43 --> Creation of dynamic property App\Controllers\Admin\Admin::$validation is deprecated
#0 C:\xampp\htdocs\rgp\app\Controllers\Admin\Admin.php(18): CodeIgniter\Debug\Exceptions->errorHandler(8192, 'Creation of dyn...', 'C:\\xampp\\htdocs...', 18)
#1 C:\xampp\htdocs\rgp\system\CodeIgniter.php(811): App\Controllers\Admin\Admin->__construct()
#2 C:\xampp\htdocs\rgp\system\CodeIgniter.php(412): CodeIgniter\CodeIgniter->createController()
#3 C:\xampp\htdocs\rgp\system\CodeIgniter.php(328): CodeIgniter\CodeIgniter->handleRequest(NULL, Object(Config\Cache), false)
#4 C:\xampp\htdocs\rgp\index.php(38): CodeIgniter\CodeIgniter->run()
#5 {main}
CRITICAL - 2025-06-05 15:20:06 --> syntax error, unexpected token ";"
#0 C:\xampp\htdocs\rgp\system\View\View.php(213): CodeIgniter\View\View->CodeIgniter\View\{closure}()
#1 C:\xampp\htdocs\rgp\system\Common.php(1089): CodeIgniter\View\View->render('ui/v_footer', Array, true)
#2 C:\xampp\htdocs\rgp\app\Controllers\Admin\Admin.php(29): view('ui/v_footer', Array)
#3 C:\xampp\htdocs\rgp\system\CodeIgniter.php(834): App\Controllers\Admin\Admin->main_page()
#4 C:\xampp\htdocs\rgp\system\CodeIgniter.php(421): CodeIgniter\CodeIgniter->runController(Object(App\Controllers\Admin\Admin))
#5 C:\xampp\htdocs\rgp\system\CodeIgniter.php(328): CodeIgniter\CodeIgniter->handleRequest(NULL, Object(Config\Cache), false)
#6 C:\xampp\htdocs\rgp\index.php(38): CodeIgniter\CodeIgniter->run()
#7 {main}
